<?xml version="1.0" encoding="UTF-8"?>
<testsuite xmlns:xsi="http://www.w3.org/2001/XMLSchema-instance" xsi:noNamespaceSchemaLocation="https://maven.apache.org/surefire/maven-surefire-plugin/xsd/surefire-test-report-3.0.xsd" version="3.0" name="Wikipedia search functionality and verification" time="53.191" tests="2" errors="0" skipped="0" failures="0">
  <properties>
[...]
</properties>
  <testcase name="Wikipedia Search Functionality Header Verification #1" classname="Wikipedia search functionality and verification" time="34.275">
    <system-out><![CDATA[======Setting up browser using cucumber @Before
--------applying setup using @BeforeStep
------------> applying tearDown using @AfterStep
--------applying setup using @BeforeStep
------------> applying tearDown using @AfterStep
--------applying setup using @BeforeStep
------------> applying tearDown using @AfterStep
--------applying setup using @BeforeStep
------------> applying tearDown using @AfterStep
--------applying setup using @BeforeStep
------------> applying tearDown using @AfterStep
]]></system-out>
    <system-err><![CDATA[SLF4J: Failed to load class "org.slf4j.impl.StaticLoggerBinder".
SLF4J: Defaulting to no-operation (NOP) logger implementation
SLF4J: See http://www.slf4j.org/codes.html#StaticLoggerBinder for further details.
Starting ChromeDriver 103.0.5060.134 (8ec6fce403b3feb0869b0732eda8bd95011d333c-refs/branch-heads/5060@{#1262}) on port 40489
Only local connections are allowed.
Please see https://chromedriver.chromium.org/security-considerations for suggestions on keeping ChromeDriver safe.
ChromeDriver was started successfully.
Jul 24, 2022 10:55:43 AM org.openqa.selenium.remote.ProtocolHandshake createSession
INFO: Detected dialect: W3C
]]></system-err>
  </testcase>
  <testcase name="Wikipedia Search Functionality Header Verification #2" classname="Wikipedia search functionality and verification" time="18.916">
    <system-out><![CDATA[======Setting up browser using cucumber @Before
--------applying setup using @BeforeStep
------------> applying tearDown using @AfterStep
--------applying setup using @BeforeStep
------------> applying tearDown using @AfterStep
--------applying setup using @BeforeStep
------------> applying tearDown using @AfterStep
--------applying setup using @BeforeStep
------------> applying tearDown using @AfterStep
--------applying setup using @BeforeStep
------------> applying tearDown using @AfterStep
]]></system-out>
    <system-err><![CDATA[Starting ChromeDriver 103.0.5060.134 (8ec6fce403b3feb0869b0732eda8bd95011d333c-refs/branch-heads/5060@{#1262}) on port 29363
Only local connections are allowed.
Please see https://chromedriver.chromium.org/security-considerations for suggestions on keeping ChromeDriver safe.
ChromeDriver was started successfully.
Jul 24, 2022 10:55:53 AM org.openqa.selenium.remote.ProtocolHandshake createSession
INFO: Detected dialect: W3C
]]></system-err>
  </testcase>
</testsuite>